<?xml version="1.0" encoding="UTF-8"?>
<TestRun id="c40ef0ae-4915-4d1c-91b4-894fbc102fd9" name="Fabian@FABIAN-NT7 2012-04-17 17:03:58" runUser="FABIAN-NT7\Fabian" xmlns="http://microsoft.com/schemas/VisualStudio/TeamTest/2010">
  <TestSettings name="Local" id="7b15b067-61e9-4e64-829f-36e11893f97e">
    <Description>These are default test settings for a local test run.</Description>
    <Execution>
      <TestTypeSpecific />
      <AgentRule name="Execution Agents">
      </AgentRule>
    </Execution>
    <Deployment runDeploymentRoot="Fabian_FABIAN-NT7 2012-04-17 17_03_58" />
  </TestSettings>
  <Times creation="2012-04-17T17:03:58.9404627-03:00" queuing="2012-04-17T17:04:01.3866352-03:00" start="2012-04-17T17:04:01.5836111-03:00" finish="2012-04-17T17:04:21.3118632-03:00" />
  <ResultSummary outcome="Completed">
    <Counters total="1" executed="1" passed="1" error="0" failed="0" timeout="0" aborted="0" inconclusive="0" passedButRunAborted="0" notRunnable="0" notExecuted="0" disconnected="0" warning="0" completed="0" inProgress="0" pending="0" />
  </ResultSummary>
  <TestDefinitions>
    <WebTest name="WebTest1" storage="c:\projetos\sharepoint-demos\webandloadtestproject1\webtest1.webtest" id="0a554d9b-68e5-4059-b4df-e09c52dd98b7" persistedWebTest="77u/PD94bWwgdmVyc2lvbj0iMS4wIiBlbmNvZGluZz0iVVRGLTgiIHN0YW5kYWxvbmU9InllcyI/Pg0KPFdlYlRlc3QgTmFtZT0iV2ViVGVzdDEiIElkPSIwYTU1NGQ5Yi02OGU1LTQwNTktYjRkZi1lMDljNTJkZDk4YjciIE93bmVyPSIiIFByaW9yaXR5PSIyMTQ3NDgzNjQ3IiBFbmFibGVkPSJUcnVlIiBDc3NQcm9qZWN0U3RydWN0dXJlPSIiIENzc0l0ZXJhdGlvbj0iIiBUaW1lb3V0PSIwIiBXb3JrSXRlbUlkcz0iIiB4bWxucz0iaHR0cDovL21pY3Jvc29mdC5jb20vc2NoZW1hcy9WaXN1YWxTdHVkaW8vVGVhbVRlc3QvMjAxMCIgRGVzY3JpcHRpb249IiIgQ3JlZGVudGlhbFVzZXJOYW1lPSIiIENyZWRlbnRpYWxQYXNzd29yZD0iIiBQcmVBdXRoZW50aWNhdGU9IlRydWUiIFByb3h5PSIiIFN0b3BPbkVycm9yPSJGYWxzZSIgUmVjb3JkZWRSZXN1bHRGaWxlPSIiPg0KICA8SXRlbXM+DQogICAgPFJlcXVlc3QgTWV0aG9kPSJHRVQiIEd1aWQ9ImFiYWFhOGNiLTI4MGYtNDRiZi05ZjI0LTMzN2NmOTI3YjVjNCIgVmVyc2lvbj0iMS4xIiBVcmw9Imh0dHBzOi8vZmFiaWFuZ2VocmtlLnNoYXJlcG9pbnQuY29tL0xpc3RzL1RhcmVmYXMvQWxsSXRlbXMuYXNweCIgVGhpbmtUaW1lPSIwIiBUaW1lb3V0PSIzMDAiIFBhcnNlRGVwZW5kZW50UmVxdWVzdHM9IlRydWUiIEZvbGxvd1JlZGlyZWN0cz0iVHJ1ZSIgUmVjb3JkUmVzdWx0PSJUcnVlIiBDYWNoZT0iRmFsc2UiIFJlc3BvbnNlVGltZUdvYWw9IjAiIEVuY29kaW5nPSJ1dGYtOCIgRXhwZWN0ZWRIdHRwU3RhdHVzQ29kZT0iMCIgRXhwZWN0ZWRSZXNwb25zZVVybD0iIiBSZXBvcnRpbmdOYW1lPSIiIC8+DQogIDwvSXRlbXM+DQo8L1dlYlRlc3Q+">
      <Execution id="3cb98103-f857-4d2e-9928-5f3efec4ea11" />
    </WebTest>
  </TestDefinitions>
  <TestLists>
    <TestList name="Results Not in a List" id="8c84fa94-04c1-424b-9868-57a2d4851a1d" />
    <TestList name="All Loaded Results" id="19431567-8539-422a-85d7-44ee4e166bda" />
  </TestLists>
  <TestEntries>
    <TestEntry isTransparent="false" testId="0a554d9b-68e5-4059-b4df-e09c52dd98b7" executionId="3cb98103-f857-4d2e-9928-5f3efec4ea11" testListId="8c84fa94-04c1-424b-9868-57a2d4851a1d" />
  </TestEntries>
  <Results>
    <WebTestResult executionId="3cb98103-f857-4d2e-9928-5f3efec4ea11" testId="0a554d9b-68e5-4059-b4df-e09c52dd98b7" testName="WebTest1" computerName="FABIAN-NT7" duration="00:00:08.7238421" startTime="2012-04-17T17:04:01.7216211-03:00" endTime="2012-04-17T17:04:21.2007853-03:00" testType="4e7599fa-5ecb-43e9-a887-cd63cf72d207" outcome="Passed" testListId="8c84fa94-04c1-424b-9868-57a2d4851a1d" relativeResultsDirectory="3cb98103-f857-4d2e-9928-5f3efec4ea11">
      <ResultFiles>
        <ResultFile path="WebTest1.webtestResult" />
      </ResultFiles>
      <TestSettings name="Local" id="7b15b067-61e9-4e64-829f-36e11893f97e">
        <Description>These are default test settings for a local test run.</Description>
        <Execution>
          <TestTypeSpecific>
            <WebTestRunConfiguration testTypeId="4e7599fa-5ecb-43e9-a887-cd63cf72d207">
              <Browser name="Internet Explorer 9.0" MaxConnections="6">
                <Headers>
                  <Header name="User-Agent" value="Mozilla/5.0 (compatible; MSIE 9.0; Windows NT 6.1; Trident/5.0)" />
                  <Header name="Accept" value="*/*" />
                  <Header name="Accept-Language" value="{{$IEAcceptLanguage}}" />
                  <Header name="Accept-Encoding" value="GZIP" />
                </Headers>
              </Browser>
            </WebTestRunConfiguration>
          </TestTypeSpecific>
          <AgentRule name="Execution Agents">
          </AgentRule>
        </Execution>
        <Deployment runDeploymentRoot="Fabian_FABIAN-NT7 2012-04-17 17_03_58" />
      </TestSettings>
      <WebTestResultFilePath>Fabian_FABIAN-NT7 2012-04-17 17_03_58\In\3cb98103-f857-4d2e-9928-5f3efec4ea11\WebTest1.webtestResult</WebTestResultFilePath>
    </WebTestResult>
  </Results>
</TestRun>